Watching for file changes with StatReloader
Bad Request: /api/auth/login/
[26/Mar/2026 11:39:02] "POST /api/auth/login/ HTTP/1.1" 400 47
[26/Mar/2026 11:39:12] "POST /api/auth/login/ HTTP/1.1" 200 736
[26/Mar/2026 11:39:14] "GET /api/auth/profile/ HTTP/1.1" 200 187
[26/Mar/2026 11:39:14] "GET /api/sessoes/hoje/ HTTP/1.1" 200 1303
[26/Mar/2026 11:39:17] "GET /api/sessoes/ HTTP/1.1" 200 9130
[26/Mar/2026 11:39:19] "GET /api/sessoes/estatisticas/?ano=2026&mes=3 HTTP/1.1" 200 217
[26/Mar/2026 11:39:21] "GET /api/auth/profile/ HTTP/1.1" 200 187
[26/Mar/2026 11:39:21] "GET /api/sessoes/hoje/ HTTP/1.1" 200 1303
[26/Mar/2026 11:39:24] "GET /api/auth/profile/ HTTP/1.1" 200 187
[26/Mar/2026 11:39:24] "GET /api/sessoes/hoje/ HTTP/1.1" 200 1303
[26/Mar/2026 11:39:27] "GET /api/registros-odisseia/ HTTP/1.1" 200 52
[26/Mar/2026 11:39:28] "GET /api/auth/profile/ HTTP/1.1" 200 187
[26/Mar/2026 11:39:28] "GET /api/sessoes/hoje/ HTTP/1.1" 200 1303
[26/Mar/2026 11:39:28] "GET /api/sementes-cuidado/ HTTP/1.1" 200 1254
[26/Mar/2026 11:39:37] "GET /api/auth/profile/ HTTP/1.1" 200 187
[26/Mar/2026 11:39:37] "GET /api/sessoes/hoje/ HTTP/1.1" 200 1303
[26/Mar/2026 11:39:38] "GET /api/sessoes/pacientes-vinculados/ HTTP/1.1" 200 159
[26/Mar/2026 11:39:44] "GET /api/prontuarios/?paciente_id=5 HTTP/1.1" 200 855
[26/Mar/2026 11:39:51] "GET /api/sessoes/pacientes-vinculados/ HTTP/1.1" 200 159
[26/Mar/2026 11:39:52] "GET /api/auth/profile/ HTTP/1.1" 200 187
[26/Mar/2026 11:39:52] "GET /api/sessoes/hoje/ HTTP/1.1" 200 1303
[26/Mar/2026 11:39:53] "GET /api/sessoes/29/ HTTP/1.1" 200 1301
[26/Mar/2026 11:39:54] "GET /api/auth/profile/ HTTP/1.1" 200 187
[26/Mar/2026 11:39:54] "GET /api/sessoes/hoje/ HTTP/1.1" 200 1303
[26/Mar/2026 11:39:54] "GET /api/sessoes/estatisticas/?ano=2026&mes=3 HTTP/1.1" 200 217
[26/Mar/2026 11:39:56] "GET /api/sessoes/ HTTP/1.1" 200 9130
[26/Mar/2026 11:39:58] "GET /api/sessoes/28/ HTTP/1.1" 200 1301
[26/Mar/2026 11:41:29] "GET /api/sessoes/ HTTP/1.1" 200 9130
[26/Mar/2026 11:41:33] "GET /api/auth/profile/ HTTP/1.1" 200 187
[26/Mar/2026 11:41:33] "GET /api/sessoes/hoje/ HTTP/1.1" 200 1303
[26/Mar/2026 11:41:33] "GET /api/sessoes/estatisticas/?ano=2026&mes=3 HTTP/1.1" 200 217
[26/Mar/2026 11:41:34] "GET /api/auth/profile/ HTTP/1.1" 200 187
[26/Mar/2026 11:41:34] "GET /api/sessoes/hoje/ HTTP/1.1" 200 1303
[26/Mar/2026 11:41:34] "GET /api/sessoes/estatisticas/?ano=2026&mes=3 HTTP/1.1" 200 217
[26/Mar/2026 11:41:36] "GET /api/auth/profile/ HTTP/1.1" 200 187
[26/Mar/2026 11:41:36] "GET /api/sessoes/hoje/ HTTP/1.1" 200 1303
[26/Mar/2026 11:41:37] "GET /api/sessoes/estatisticas/?ano=2026&mes=3 HTTP/1.1" 200 217
[26/Mar/2026 11:41:38] "GET /api/sessoes/estatisticas/?ano=2026&mes=3 HTTP/1.1" 200 217
[26/Mar/2026 11:41:44] "GET /api/auth/profile/ HTTP/1.1" 200 187
[26/Mar/2026 11:41:44] "GET /api/sessoes/hoje/ HTTP/1.1" 200 1303
[26/Mar/2026 11:41:49] "GET /api/sementes-cuidado/ HTTP/1.1" 200 1254
[26/Mar/2026 11:41:50] "GET /api/auth/profile/ HTTP/1.1" 200 187
[26/Mar/2026 11:41:50] "GET /api/sessoes/hoje/ HTTP/1.1" 200 1303
[26/Mar/2026 11:41:52] "GET /api/sementes-cuidado/ HTTP/1.1" 200 1254
[26/Mar/2026 11:41:53] "GET /api/auth/profile/ HTTP/1.1" 200 187
[26/Mar/2026 11:41:53] "GET /api/sessoes/hoje/ HTTP/1.1" 200 1303
[26/Mar/2026 11:42:35] "GET /api/sessoes/ HTTP/1.1" 200 9130
[26/Mar/2026 11:42:35] "GET /api/auth/profile/ HTTP/1.1" 200 187
[26/Mar/2026 11:42:36] "GET /api/sessoes/hoje/ HTTP/1.1" 200 1303
[26/Mar/2026 11:42:39] "GET /api/sessoes/ HTTP/1.1" 200 9130
[26/Mar/2026 11:42:39] "GET /api/sessoes/estatisticas/?ano=2026&mes=3 HTTP/1.1" 200 217
[26/Mar/2026 11:42:40] "GET /api/sessoes/ HTTP/1.1" 200 9130
[26/Mar/2026 11:49:57] "GET /api/sessoes/estatisticas/?ano=2026&mes=3 HTTP/1.1" 200 217
[26/Mar/2026 11:49:59] "GET /api/auth/profile/ HTTP/1.1" 200 187
[26/Mar/2026 11:49:59] "GET /api/sessoes/hoje/ HTTP/1.1" 200 1303
[26/Mar/2026 11:50:26] "GET /api/auth/profile/ HTTP/1.1" 200 187
[26/Mar/2026 11:50:27] "GET /api/sessoes/hoje/ HTTP/1.1" 200 1303
[26/Mar/2026 11:50:28] "GET /api/sessoes/29/ HTTP/1.1" 200 1301
[26/Mar/2026 11:50:29] "GET /api/auth/profile/ HTTP/1.1" 200 187
[26/Mar/2026 11:50:29] "GET /api/sessoes/hoje/ HTTP/1.1" 200 1303
[26/Mar/2026 11:50:31] "GET /api/sessoes/29/ HTTP/1.1" 200 1301
[26/Mar/2026 11:50:35] "GET /api/auth/profile/ HTTP/1.1" 200 187
[26/Mar/2026 11:50:35] "GET /api/sessoes/hoje/ HTTP/1.1" 200 1303
[26/Mar/2026 11:50:36] "GET /api/sessoes/ HTTP/1.1" 200 9130
[26/Mar/2026 12:22:35] "GET /api/sessoes/30/ HTTP/1.1" 200 1304
[26/Mar/2026 12:29:49] "GET /api/sessoes/ HTTP/1.1" 200 9130
[26/Mar/2026 12:30:08] "GET /api/auth/profile/ HTTP/1.1" 200 187
[26/Mar/2026 12:30:08] "GET /api/sessoes/hoje/ HTTP/1.1" 200 1303
[26/Mar/2026 12:30:10] "GET /api/sessoes/pacientes-vinculados/ HTTP/1.1" 200 159
[26/Mar/2026 12:30:11] "GET /api/auth/profile/ HTTP/1.1" 200 187
[26/Mar/2026 12:30:11] "GET /api/sessoes/hoje/ HTTP/1.1" 200 1303
[26/Mar/2026 12:30:16] "GET /api/sessoes/estatisticas/?ano=2026&mes=3 HTTP/1.1" 200 217
[26/Mar/2026 12:30:29] "GET /api/auth/profile/ HTTP/1.1" 200 187
[26/Mar/2026 12:30:29] "GET /api/sessoes/hoje/ HTTP/1.1" 200 1303
[26/Mar/2026 12:30:30] "GET /api/sementes-cuidado/ HTTP/1.1" 200 1254
[26/Mar/2026 12:30:33] "GET /api/auth/profile/ HTTP/1.1" 200 187
[26/Mar/2026 12:30:33] "GET /api/sessoes/hoje/ HTTP/1.1" 200 1303
[26/Mar/2026 12:30:34] "GET /api/sessoes/pacientes-vinculados/ HTTP/1.1" 200 159
[26/Mar/2026 12:30:43] "GET /api/prontuarios/?paciente_id=5 HTTP/1.1" 200 855
[26/Mar/2026 12:30:47] "GET /api/sessoes/pacientes-vinculados/ HTTP/1.1" 200 159
[26/Mar/2026 12:30:48] "GET /api/auth/profile/ HTTP/1.1" 200 187
[26/Mar/2026 12:30:48] "GET /api/sessoes/hoje/ HTTP/1.1" 200 1303
[26/Mar/2026 12:30:49] "GET /api/sessoes/ HTTP/1.1" 200 9130
[26/Mar/2026 12:38:54] "GET /api/sessoes/hoje/ HTTP/1.1" 200 1303
[26/Mar/2026 12:38:55] "GET /api/sessoes/ HTTP/1.1" 200 9130
[26/Mar/2026 12:38:56] "GET /api/sessoes/hoje/ HTTP/1.1" 200 1303
[26/Mar/2026 12:39:03] "GET /api/sessoes/hoje/ HTTP/1.1" 200 1303
[26/Mar/2026 12:39:03] "GET /api/auth/profile/ HTTP/1.1" 200 187
[26/Mar/2026 12:39:06] "GET /api/sessoes/estatisticas/?ano=2026&mes=3 HTTP/1.1" 200 217
[26/Mar/2026 12:39:09] "GET /api/auth/profile/ HTTP/1.1" 200 187
[26/Mar/2026 12:39:09] "GET /api/sessoes/hoje/ HTTP/1.1" 200 1303
Unauthorized: /api/auth/profile/
[26/Mar/2026 12:42:54] "GET /api/auth/profile/ HTTP/1.1" 401 191
Not Found: /api/auth/token/refresh/
[26/Mar/2026 12:42:54] "POST /api/auth/token/refresh/ HTTP/1.1" 404 19422
Bad Request: /api/auth/login/
[26/Mar/2026 12:43:18] "POST /api/auth/login/ HTTP/1.1" 400 47
[26/Mar/2026 12:43:26] "POST /api/auth/login/ HTTP/1.1" 200 736
[26/Mar/2026 12:43:27] "GET /api/auth/profile/ HTTP/1.1" 200 187
[26/Mar/2026 12:43:27] "GET /api/sessoes/hoje/ HTTP/1.1" 200 1303
[26/Mar/2026 12:43:36] "GET /api/sessoes/ HTTP/1.1" 200 9130
[26/Mar/2026 12:45:46] "GET /api/auth/profile/ HTTP/1.1" 200 187
[26/Mar/2026 12:46:09] "POST /api/auth/login/ HTTP/1.1" 200 736
[26/Mar/2026 12:46:10] "GET /api/auth/profile/ HTTP/1.1" 200 187
[26/Mar/2026 12:46:10] "GET /api/sessoes/hoje/ HTTP/1.1" 200 1303
[26/Mar/2026 12:46:13] "GET /api/sessoes/estatisticas/?ano=2026&mes=3 HTTP/1.1" 200 217
[26/Mar/2026 12:46:15] "GET /api/auth/profile/ HTTP/1.1" 200 187
[26/Mar/2026 12:46:15] "GET /api/sessoes/hoje/ HTTP/1.1" 200 1303
[26/Mar/2026 12:46:16] "GET /api/registros-odisseia/ HTTP/1.1" 200 52
[26/Mar/2026 12:46:18] "GET /api/auth/profile/ HTTP/1.1" 200 187
[26/Mar/2026 12:46:18] "GET /api/sessoes/hoje/ HTTP/1.1" 200 1303
[26/Mar/2026 12:46:18] "GET /api/sementes-cuidado/ HTTP/1.1" 200 1254
[26/Mar/2026 12:46:26] "GET /api/auth/profile/ HTTP/1.1" 200 187
[26/Mar/2026 12:46:26] "GET /api/sessoes/hoje/ HTTP/1.1" 200 1303
[26/Mar/2026 12:46:27] "GET /api/sessoes/pacientes-vinculados/ HTTP/1.1" 200 159
[26/Mar/2026 12:46:31] "GET /api/prontuarios/?paciente_id=5 HTTP/1.1" 200 855
[26/Mar/2026 12:46:37] "GET /api/sessoes/pacientes-vinculados/ HTTP/1.1" 200 159
[26/Mar/2026 12:46:38] "GET /api/auth/profile/ HTTP/1.1" 200 187
[26/Mar/2026 12:46:38] "GET /api/sessoes/hoje/ HTTP/1.1" 200 1303
[26/Mar/2026 12:46:39] "GET /api/sessoes/ HTTP/1.1" 200 9130
[26/Mar/2026 12:46:42] "GET /api/sessoes/hoje/ HTTP/1.1" 200 1303
[26/Mar/2026 12:46:43] "GET /api/sessoes/semana/ HTTP/1.1" 200 3916
[26/Mar/2026 12:46:45] "GET /api/sessoes/30/ HTTP/1.1" 200 1304
[26/Mar/2026 12:46:51] "GET /api/sessoes/semana/ HTTP/1.1" 200 3916
[26/Mar/2026 12:46:52] "GET /api/sessoes/26/ HTTP/1.1" 200 1307
[26/Mar/2026 12:46:54] "GET /api/sessoes/semana/ HTTP/1.1" 200 3916
[26/Mar/2026 12:46:56] "GET /api/tipos-sessao/ HTTP/1.1" 200 3866
[26/Mar/2026 12:47:02] "GET /api/sessoes/semana/ HTTP/1.1" 200 3916
[26/Mar/2026 12:47:06] "GET /api/sessoes/estatisticas/?ano=2026&mes=3 HTTP/1.1" 200 217
[26/Mar/2026 12:47:07] "GET /api/auth/profile/ HTTP/1.1" 200 187
[26/Mar/2026 12:47:07] "GET /api/sessoes/hoje/ HTTP/1.1" 200 1303
[26/Mar/2026 12:47:08] "GET /api/sessoes/semana/ HTTP/1.1" 200 3916
[26/Mar/2026 12:47:09] "GET /api/auth/profile/ HTTP/1.1" 200 187
[26/Mar/2026 12:47:09] "GET /api/sessoes/hoje/ HTTP/1.1" 200 1303
[26/Mar/2026 12:47:12] "GET /api/sessoes/semana/ HTTP/1.1" 200 3916
[26/Mar/2026 12:50:44] "GET /api/auth/profile/ HTTP/1.1" 200 187
[26/Mar/2026 12:51:59,561] - Broken pipe from ('192.168.15.4', 34268)
[26/Mar/2026 12:51:59,561] - Broken pipe from ('192.168.15.4', 37880)
[26/Mar/2026 12:57:20] "GET /api/auth/profile/ HTTP/1.1" 200 187
[26/Mar/2026 12:57:49,759] - Broken pipe from ('192.168.15.4', 46474)
[26/Mar/2026 13:16:15] "POST /api/auth/login/ HTTP/1.1" 200 736
[26/Mar/2026 13:16:16] "GET /api/auth/profile/ HTTP/1.1" 200 187
[26/Mar/2026 13:16:16] "GET /api/sessoes/hoje/ HTTP/1.1" 200 1303
[26/Mar/2026 13:16:24] "GET /api/sessoes/estatisticas/?ano=2026&mes=3 HTTP/1.1" 200 217
[26/Mar/2026 13:16:26] "GET /api/auth/profile/ HTTP/1.1" 200 187
[26/Mar/2026 13:16:26] "GET /api/sessoes/hoje/ HTTP/1.1" 200 1303
[26/Mar/2026 13:16:27] "GET /api/registros-odisseia/ HTTP/1.1" 200 52
[26/Mar/2026 13:16:31] "GET /api/auth/profile/ HTTP/1.1" 200 187
[26/Mar/2026 13:16:31] "GET /api/sessoes/hoje/ HTTP/1.1" 200 1303
[26/Mar/2026 13:16:33] "GET /api/sementes-cuidado/ HTTP/1.1" 200 1254
[26/Mar/2026 13:16:36] "GET /api/auth/profile/ HTTP/1.1" 200 187
[26/Mar/2026 13:16:36] "GET /api/sessoes/hoje/ HTTP/1.1" 200 1303
[26/Mar/2026 13:16:37] "GET /api/sessoes/pacientes-vinculados/ HTTP/1.1" 200 159
[26/Mar/2026 13:16:40] "GET /api/prontuarios/?paciente_id=5 HTTP/1.1" 200 855
[26/Mar/2026 13:16:46] "GET /api/sessoes/pacientes-vinculados/ HTTP/1.1" 200 159
[26/Mar/2026 13:16:47] "GET /api/auth/profile/ HTTP/1.1" 200 187
[26/Mar/2026 13:16:47] "GET /api/sessoes/hoje/ HTTP/1.1" 200 1303
[26/Mar/2026 13:16:48] "GET /api/sessoes/pacientes-vinculados/ HTTP/1.1" 200 159
[26/Mar/2026 13:16:50] "GET /api/auth/profile/ HTTP/1.1" 200 187
[26/Mar/2026 13:16:50] "GET /api/sessoes/hoje/ HTTP/1.1" 200 1303
[26/Mar/2026 13:16:51] "GET /api/sessoes/pacientes-vinculados/ HTTP/1.1" 200 159
[26/Mar/2026 13:16:51] "GET /api/auth/profile/ HTTP/1.1" 200 187
[26/Mar/2026 13:16:51] "GET /api/sessoes/hoje/ HTTP/1.1" 200 1303
[26/Mar/2026 13:16:53] "GET /api/sessoes/ HTTP/1.1" 200 9130
[26/Mar/2026 13:16:56] "GET /api/sessoes/28/ HTTP/1.1" 200 1301
[26/Mar/2026 13:16:58] "GET /api/sessoes/ HTTP/1.1" 200 9130
[26/Mar/2026 13:17:00] "GET /api/tipos-sessao/ HTTP/1.1" 200 3866
[26/Mar/2026 13:17:11] "GET /api/sessoes/ HTTP/1.1" 200 9130
[26/Mar/2026 13:17:13] "GET /api/sessoes/pacientes-vinculados/ HTTP/1.1" 200 159
[26/Mar/2026 13:17:13] "GET /api/tipos-sessao/ativos/ HTTP/1.1" 200 3816
[26/Mar/2026 13:17:29] "GET /api/sessoes/ HTTP/1.1" 200 9130
[26/Mar/2026 13:17:31] "GET /api/sessoes/30/ HTTP/1.1" 200 1304
[26/Mar/2026 13:17:33] "GET /api/sessoes/ HTTP/1.1" 200 9130
[26/Mar/2026 13:17:34] "GET /api/sessoes/ HTTP/1.1" 200 9130
[26/Mar/2026 13:17:35] "GET /api/auth/profile/ HTTP/1.1" 200 187
[26/Mar/2026 13:17:35] "GET /api/sessoes/hoje/ HTTP/1.1" 200 1303
[26/Mar/2026 13:17:36] "GET /api/sessoes/pacientes-vinculados/ HTTP/1.1" 200 159
[26/Mar/2026 13:17:37] "GET /api/auth/profile/ HTTP/1.1" 200 187
[26/Mar/2026 13:17:37] "GET /api/sessoes/hoje/ HTTP/1.1" 200 1303
[26/Mar/2026 13:17:38] "GET /api/sessoes/29/ HTTP/1.1" 200 1301
[26/Mar/2026 13:17:43] "GET /api/auth/profile/ HTTP/1.1" 200 187
[26/Mar/2026 13:17:43] "GET /api/sessoes/hoje/ HTTP/1.1" 200 1303
[26/Mar/2026 13:17:44] "GET /api/sessoes/ HTTP/1.1" 200 9130
[26/Mar/2026 13:17:48] "GET /api/sessoes/estatisticas/?ano=2026&mes=3 HTTP/1.1" 200 217
[26/Mar/2026 13:17:50] "GET /api/auth/profile/ HTTP/1.1" 200 187
[26/Mar/2026 13:17:50] "GET /api/sessoes/hoje/ HTTP/1.1" 200 1303
[26/Mar/2026 13:17:51] "GET /api/sessoes/pacientes-vinculados/ HTTP/1.1" 200 159
[26/Mar/2026 13:17:52] "GET /api/auth/profile/ HTTP/1.1" 200 187
[26/Mar/2026 13:17:52] "GET /api/sessoes/hoje/ HTTP/1.1" 200 1303
[26/Mar/2026 13:17:55] "GET /api/sessoes/ HTTP/1.1" 200 9130
[26/Mar/2026 13:17:56] "GET /api/auth/profile/ HTTP/1.1" 200 187
[26/Mar/2026 13:17:56] "GET /api/sessoes/hoje/ HTTP/1.1" 200 1303
[26/Mar/2026 13:18:03] "GET /api/sessoes/pacientes-vinculados/ HTTP/1.1" 200 159
[26/Mar/2026 13:18:13] "GET /api/prontuarios/?paciente_id=5 HTTP/1.1" 200 855
[26/Mar/2026 13:18:20] "GET /api/prontuarios/?paciente_id=5 HTTP/1.1" 200 855
[26/Mar/2026 13:18:25] "GET /api/prontuarios/?paciente_id=5 HTTP/1.1" 200 855
[26/Mar/2026 13:18:42] "GET /api/sessoes/pacientes-vinculados/ HTTP/1.1" 200 159
[26/Mar/2026 13:18:43] "GET /api/auth/profile/ HTTP/1.1" 200 187
[26/Mar/2026 13:18:43] "GET /api/sessoes/hoje/ HTTP/1.1" 200 1303
[26/Mar/2026 13:18:44] "GET /api/registros-odisseia/ HTTP/1.1" 200 52
[26/Mar/2026 13:18:46] "GET /api/auth/profile/ HTTP/1.1" 200 187
[26/Mar/2026 13:18:46] "GET /api/sessoes/hoje/ HTTP/1.1" 200 1303
[26/Mar/2026 13:18:46] "GET /api/sementes-cuidado/ HTTP/1.1" 200 1254
[26/Mar/2026 13:18:48] "GET /api/auth/profile/ HTTP/1.1" 200 187
[26/Mar/2026 13:18:48] "GET /api/sessoes/hoje/ HTTP/1.1" 200 1303
[26/Mar/2026 13:18:54] "GET /api/sessoes/estatisticas/?ano=2026&mes=3 HTTP/1.1" 200 217
[26/Mar/2026 13:19:02] "GET /api/sessoes/ HTTP/1.1" 200 9130
[26/Mar/2026 13:19:09] "GET /api/sessoes/28/ HTTP/1.1" 200 1301
[26/Mar/2026 13:19:10] "GET /api/sessoes/ HTTP/1.1" 200 9130
[26/Mar/2026 13:19:14] "GET /api/sessoes/pacientes-vinculados/ HTTP/1.1" 200 159
[26/Mar/2026 13:19:14] "GET /api/tipos-sessao/ativos/ HTTP/1.1" 200 3816
[26/Mar/2026 13:19:16] "GET /api/sessoes/ HTTP/1.1" 200 9130
[26/Mar/2026 13:19:17] "GET /api/auth/profile/ HTTP/1.1" 200 187
[26/Mar/2026 13:19:17] "GET /api/sessoes/hoje/ HTTP/1.1" 200 1303
[26/Mar/2026 13:19:19] "GET /api/sessoes/estatisticas/?ano=2026&mes=3 HTTP/1.1" 200 217
[26/Mar/2026 13:19:20] "GET /api/auth/profile/ HTTP/1.1" 200 187
[26/Mar/2026 13:19:20] "GET /api/sessoes/hoje/ HTTP/1.1" 200 1303
[26/Mar/2026 13:19:26] "GET /api/sessoes/pacientes-vinculados/ HTTP/1.1" 200 159
[26/Mar/2026 13:19:27] "GET /api/auth/profile/ HTTP/1.1" 200 187
[26/Mar/2026 13:19:27] "GET /api/sessoes/hoje/ HTTP/1.1" 200 1303
[26/Mar/2026 13:19:53] "GET /api/registros-odisseia/ HTTP/1.1" 200 52
[26/Mar/2026 13:19:56] "GET /api/auth/profile/ HTTP/1.1" 200 187
[26/Mar/2026 13:19:56] "GET /api/sessoes/hoje/ HTTP/1.1" 200 1303
[26/Mar/2026 13:19:57] "GET /api/sementes-cuidado/ HTTP/1.1" 200 1254
[26/Mar/2026 13:20:04] "GET /api/auth/profile/ HTTP/1.1" 200 187
[26/Mar/2026 13:20:04] "GET /api/sessoes/hoje/ HTTP/1.1" 200 1303
[26/Mar/2026 13:20:05] "GET /api/sessoes/pacientes-vinculados/ HTTP/1.1" 200 159
[26/Mar/2026 13:20:09] "GET /api/sessoes/pacientes-vinculados/ HTTP/1.1" 200 159
[26/Mar/2026 13:20:10] "GET /api/auth/profile/ HTTP/1.1" 200 187
[26/Mar/2026 13:20:10] "GET /api/sessoes/hoje/ HTTP/1.1" 200 1303
[26/Mar/2026 13:20:12] "GET /api/sessoes/29/ HTTP/1.1" 200 1301
[26/Mar/2026 13:20:15] "GET /api/auth/profile/ HTTP/1.1" 200 187
[26/Mar/2026 13:20:15] "GET /api/sessoes/hoje/ HTTP/1.1" 200 1303
[26/Mar/2026 13:20:15] "GET /api/sessoes/estatisticas/?ano=2026&mes=3 HTTP/1.1" 200 217
[26/Mar/2026 13:20:20] "GET /api/sessoes/ HTTP/1.1" 200 9130
[26/Mar/2026 13:20:25] "GET /api/sessoes/pacientes-vinculados/ HTTP/1.1" 200 159
[26/Mar/2026 13:20:25] "GET /api/tipos-sessao/ativos/ HTTP/1.1" 200 3816
[26/Mar/2026 13:20:36] "GET /api/sessoes/ HTTP/1.1" 200 9130
[26/Mar/2026 13:20:38] "GET /api/tipos-sessao/ HTTP/1.1" 200 3866
[26/Mar/2026 13:20:42] "GET /api/sessoes/ HTTP/1.1" 200 9130
[26/Mar/2026 13:20:47] "GET /api/auth/profile/ HTTP/1.1" 200 187
[26/Mar/2026 13:20:47] "GET /api/sessoes/hoje/ HTTP/1.1" 200 1303
[26/Mar/2026 13:20:51] "GET /api/sementes-cuidado/ HTTP/1.1" 200 1254
[26/Mar/2026 13:20:53] "GET /api/auth/profile/ HTTP/1.1" 200 187
[26/Mar/2026 13:20:53] "GET /api/sessoes/hoje/ HTTP/1.1" 200 1303
[26/Mar/2026 13:21:21] "GET /api/sessoes/ HTTP/1.1" 200 9130
[26/Mar/2026 13:21:27] "GET /api/auth/profile/ HTTP/1.1" 200 187
[26/Mar/2026 13:21:27] "GET /api/sessoes/hoje/ HTTP/1.1" 200 1303
[26/Mar/2026 13:21:31] "GET /api/sessoes/estatisticas/?ano=2026&mes=3 HTTP/1.1" 200 217
[26/Mar/2026 13:21:32] "GET /api/auth/profile/ HTTP/1.1" 200 187
[26/Mar/2026 13:21:32] "GET /api/sessoes/hoje/ HTTP/1.1" 200 1303
[26/Mar/2026 13:21:34] "GET /api/registros-odisseia/ HTTP/1.1" 200 52
[26/Mar/2026 13:21:35] "GET /api/auth/profile/ HTTP/1.1" 200 187
[26/Mar/2026 13:21:35] "GET /api/sessoes/hoje/ HTTP/1.1" 200 1303
[26/Mar/2026 13:21:36] "GET /api/sementes-cuidado/ HTTP/1.1" 200 1254
[26/Mar/2026 13:21:41] "GET /api/auth/profile/ HTTP/1.1" 200 187
[26/Mar/2026 13:21:41] "GET /api/sessoes/hoje/ HTTP/1.1" 200 1303
[26/Mar/2026 13:21:41] "GET /api/sementes-cuidado/ HTTP/1.1" 200 1254
[26/Mar/2026 13:21:42] "GET /api/auth/profile/ HTTP/1.1" 200 187
[26/Mar/2026 13:21:42] "GET /api/sessoes/hoje/ HTTP/1.1" 200 1303
[26/Mar/2026 13:21:43] "GET /api/sessoes/pacientes-vinculados/ HTTP/1.1" 200 159
[26/Mar/2026 13:21:45] "GET /api/sessoes/pacientes-vinculados/ HTTP/1.1" 200 159
[26/Mar/2026 13:21:53] "GET /api/prontuarios/?paciente_id=5 HTTP/1.1" 200 855
[26/Mar/2026 13:21:56] "GET /api/sessoes/pacientes-vinculados/ HTTP/1.1" 200 159
[26/Mar/2026 13:21:57] "GET /api/auth/profile/ HTTP/1.1" 200 187
[26/Mar/2026 13:21:57] "GET /api/sessoes/hoje/ HTTP/1.1" 200 1303
[26/Mar/2026 13:21:58] "GET /api/sessoes/pacientes-vinculados/ HTTP/1.1" 200 159
[26/Mar/2026 13:21:59] "GET /api/auth/profile/ HTTP/1.1" 200 187
[26/Mar/2026 13:21:59] "GET /api/sessoes/hoje/ HTTP/1.1" 200 1303
[26/Mar/2026 13:22:01] "GET /api/sessoes/ HTTP/1.1" 200 9130
[26/Mar/2026 13:22:02] "GET /api/sessoes/pacientes-vinculados/ HTTP/1.1" 200 159
[26/Mar/2026 13:22:02] "GET /api/tipos-sessao/ativos/ HTTP/1.1" 200 3816
[26/Mar/2026 13:22:23] "GET /api/sessoes/ HTTP/1.1" 200 9130
[26/Mar/2026 13:22:27] "GET /api/sessoes/estatisticas/?ano=2026&mes=3 HTTP/1.1" 200 217
[26/Mar/2026 13:22:29] "GET /api/auth/profile/ HTTP/1.1" 200 187
[26/Mar/2026 13:22:29] "GET /api/sessoes/hoje/ HTTP/1.1" 200 1303
[26/Mar/2026 13:22:31] "GET /api/sessoes/pacientes-vinculados/ HTTP/1.1" 200 159
[26/Mar/2026 13:22:32] "GET /api/auth/profile/ HTTP/1.1" 200 187
[26/Mar/2026 13:22:32] "GET /api/sessoes/hoje/ HTTP/1.1" 200 1303
[26/Mar/2026 13:22:38] "GET /api/auth/profile/ HTTP/1.1" 200 187
[26/Mar/2026 13:22:38] "GET /api/sessoes/hoje/ HTTP/1.1" 200 1303
[26/Mar/2026 13:26:56,717] - Broken pipe from ('192.168.15.4', 37934)
[26/Mar/2026 13:26:56,718] - Broken pipe from ('192.168.15.4', 37940)
[26/Mar/2026 13:47:16] "GET /api/auth/profile/ HTTP/1.1" 200 187
Bad Request: /api/auth/login/
[26/Mar/2026 13:47:51] "POST /api/auth/login/ HTTP/1.1" 400 47
[26/Mar/2026 13:48:02] "POST /api/auth/login/ HTTP/1.1" 200 736
[26/Mar/2026 13:48:04] "GET /api/auth/profile/ HTTP/1.1" 200 187
[26/Mar/2026 13:48:04] "GET /api/sessoes/hoje/ HTTP/1.1" 200 1303
[26/Mar/2026 13:48:41] "GET /api/registros-odisseia/ HTTP/1.1" 200 52
[26/Mar/2026 13:48:45] "GET /api/auth/profile/ HTTP/1.1" 200 187
[26/Mar/2026 13:48:45] "GET /api/sessoes/hoje/ HTTP/1.1" 200 1303
[26/Mar/2026 13:48:46] "GET /api/sementes-cuidado/ HTTP/1.1" 200 1254
[26/Mar/2026 13:48:55] "GET /api/auth/profile/ HTTP/1.1" 200 187
[26/Mar/2026 13:48:55] "GET /api/sessoes/hoje/ HTTP/1.1" 200 1303
[26/Mar/2026 13:48:57] "GET /api/sementes-cuidado/ HTTP/1.1" 200 1254
[26/Mar/2026 13:48:58] "GET /api/auth/profile/ HTTP/1.1" 200 187
[26/Mar/2026 13:48:58] "GET /api/sessoes/hoje/ HTTP/1.1" 200 1303
[26/Mar/2026 13:48:59] "GET /api/sessoes/pacientes-vinculados/ HTTP/1.1" 200 159
[26/Mar/2026 13:49:04] "GET /api/sessoes/pacientes-vinculados/ HTTP/1.1" 200 159
[26/Mar/2026 13:49:07] "GET /api/prontuarios/?paciente_id=5 HTTP/1.1" 200 855
[26/Mar/2026 13:49:25] "GET /api/sessoes/pacientes-vinculados/ HTTP/1.1" 200 159
[26/Mar/2026 13:49:25] "GET /api/auth/profile/ HTTP/1.1" 200 187
[26/Mar/2026 13:49:25] "GET /api/sessoes/hoje/ HTTP/1.1" 200 1303
[26/Mar/2026 13:49:31] "GET /api/sessoes/estatisticas/?ano=2026&mes=3 HTTP/1.1" 200 217
[26/Mar/2026 13:49:42] "GET /api/auth/profile/ HTTP/1.1" 200 187
[26/Mar/2026 13:49:42] "GET /api/sessoes/hoje/ HTTP/1.1" 200 1303
[26/Mar/2026 13:49:45] "GET /api/sessoes/29/ HTTP/1.1" 200 1301
[26/Mar/2026 13:49:51] "GET /api/auth/profile/ HTTP/1.1" 200 187
[26/Mar/2026 13:49:51] "GET /api/sessoes/hoje/ HTTP/1.1" 200 1303
[26/Mar/2026 13:49:52] "GET /api/sessoes/ HTTP/1.1" 200 9130
[26/Mar/2026 13:50:00] "GET /api/sessoes/hoje/ HTTP/1.1" 200 1303
[26/Mar/2026 13:50:01] "GET /api/sessoes/semana/ HTTP/1.1" 200 3916
[26/Mar/2026 13:50:02] "GET /api/sessoes/hoje/ HTTP/1.1" 200 1303
[26/Mar/2026 13:50:03] "GET /api/sessoes/ HTTP/1.1" 200 9130
[26/Mar/2026 13:50:03] "GET /api/sessoes/hoje/ HTTP/1.1" 200 1303
[26/Mar/2026 13:50:04] "GET /api/sessoes/semana/ HTTP/1.1" 200 3916
[26/Mar/2026 13:50:08] "GET /api/sessoes/semana/ HTTP/1.1" 200 3916
[26/Mar/2026 13:50:09] "GET /api/sessoes/hoje/ HTTP/1.1" 200 1303
[26/Mar/2026 13:50:11] "GET /api/sessoes/ HTTP/1.1" 200 9130
[26/Mar/2026 13:50:12] "GET /api/sessoes/hoje/ HTTP/1.1" 200 1303
[26/Mar/2026 13:50:12] "GET /api/sessoes/29/ HTTP/1.1" 200 1301
[26/Mar/2026 13:50:14] "GET /api/sessoes/hoje/ HTTP/1.1" 200 1303
[26/Mar/2026 13:50:15] "GET /api/sessoes/semana/ HTTP/1.1" 200 3916
[26/Mar/2026 13:50:16] "GET /api/sessoes/30/ HTTP/1.1" 200 1304
[26/Mar/2026 13:50:19] "GET /api/sessoes/semana/ HTTP/1.1" 200 3916
[26/Mar/2026 13:50:20] "GET /api/sessoes/pacientes-vinculados/ HTTP/1.1" 200 159
[26/Mar/2026 13:50:20] "GET /api/tipos-sessao/ativos/ HTTP/1.1" 200 3816
[26/Mar/2026 13:50:38] "GET /api/sessoes/semana/ HTTP/1.1" 200 3916
[26/Mar/2026 13:50:40] "GET /api/tipos-sessao/ HTTP/1.1" 200 3866
Internal Server Error: /api/tipos-sessao/20/
Traceback (most recent call last):
  File "/Users/user/Documents/GitHub/PsicoBem/psicoapp_backend/venv/lib/python3.13/site-packages/django/core/handlers/exception.py", line 55, in inner
    response = get_response(request)
  File "/Users/user/Documents/GitHub/PsicoBem/psicoapp_backend/venv/lib/python3.13/site-packages/django/core/handlers/base.py", line 197, in _get_response
    response = wrapped_callback(request, *callback_args, **callback_kwargs)
  File "/Users/user/Documents/GitHub/PsicoBem/psicoapp_backend/venv/lib/python3.13/site-packages/django/views/decorators/csrf.py", line 65, in _view_wrapper
    return view_func(request, *args, **kwargs)
  File "/Users/user/Documents/GitHub/PsicoBem/psicoapp_backend/venv/lib/python3.13/site-packages/rest_framework/viewsets.py", line 125, in view
    return self.dispatch(request, *args, **kwargs)
           ~~~~~~~~~~~~~^^^^^^^^^^^^^^^^^^^^^^^^^^
  File "/Users/user/Documents/GitHub/PsicoBem/psicoapp_backend/venv/lib/python3.13/site-packages/rest_framework/views.py", line 515, in dispatch
    response = self.handle_exception(exc)
  File "/Users/user/Documents/GitHub/PsicoBem/psicoapp_backend/venv/lib/python3.13/site-packages/rest_framework/views.py", line 475, in handle_exception
    self.raise_uncaught_exception(exc)
    ~~~~~~~~~~~~~~~~~~~~~~~~~~~~~^^^^^
  File "/Users/user/Documents/GitHub/PsicoBem/psicoapp_backend/venv/lib/python3.13/site-packages/rest_framework/views.py", line 486, in raise_uncaught_exception
    raise exc
  File "/Users/user/Documents/GitHub/PsicoBem/psicoapp_backend/venv/lib/python3.13/site-packages/rest_framework/views.py", line 512, in dispatch
    response = handler(request, *args, **kwargs)
  File "/Users/user/Documents/GitHub/PsicoBem/psicoapp_backend/venv/lib/python3.13/site-packages/rest_framework/mixins.py", line 91, in destroy
    self.perform_destroy(instance)
    ~~~~~~~~~~~~~~~~~~~~^^^^^^^^^^
  File "/Users/user/Documents/GitHub/PsicoBem/psicoapp_backend/venv/lib/python3.13/site-packages/rest_framework/mixins.py", line 95, in perform_destroy
    instance.delete()
    ~~~~~~~~~~~~~~~^^
  File "/Users/user/Documents/GitHub/PsicoBem/psicoapp_backend/venv/lib/python3.13/site-packages/django/db/models/base.py", line 1280, in delete
    collector.collect([self], keep_parents=keep_parents)
    ~~~~~~~~~~~~~~~~~^^^^^^^^^^^^^^^^^^^^^^^^^^^^^^^^^^^
  File "/Users/user/Documents/GitHub/PsicoBem/psicoapp_backend/venv/lib/python3.13/site-packages/django/db/models/deletion.py", line 350, in collect
    raise ProtectedError(
    ...<7 lines>...
    )
django.db.models.deletion.ProtectedError: ("Cannot delete some instances of model 'TipoSessao' because they are referenced through protected foreign keys: 'Sessao.tipo_sessao'.", {<Sessao: Joao - 30/03/2026 13:30>})
[26/Mar/2026 13:50:53] "DELETE /api/tipos-sessao/20/ HTTP/1.1" 500 107872
[26/Mar/2026 13:51:23] "GET /api/sessoes/semana/ HTTP/1.1" 200 3916
[26/Mar/2026 13:51:27] "GET /api/sessoes/ HTTP/1.1" 200 9130
[26/Mar/2026 13:51:34] "GET /api/sessoes/32/ HTTP/1.1" 200 1292
[26/Mar/2026 13:52:01] "GET /api/sessoes/ HTTP/1.1" 200 9130
[26/Mar/2026 13:52:20] "GET /api/tipos-sessao/ HTTP/1.1" 200 3866
[26/Mar/2026 13:53:12] "POST /api/tipos-sessao/ HTTP/1.1" 201 108
[26/Mar/2026 13:53:12] "GET /api/tipos-sessao/ HTTP/1.1" 200 4306
[26/Mar/2026 13:53:17] "GET /api/sessoes/ HTTP/1.1" 200 9130
[26/Mar/2026 13:53:19] "GET /api/sessoes/pacientes-vinculados/ HTTP/1.1" 200 159
[26/Mar/2026 13:53:19] "GET /api/tipos-sessao/ativos/ HTTP/1.1" 200 4256
[26/Mar/2026 13:53:39] "POST /api/sessoes/ HTTP/1.1" 201 100
[26/Mar/2026 13:53:40] "GET /api/sessoes/ HTTP/1.1" 200 10229
[26/Mar/2026 13:53:48] "GET /api/sessoes/33/ HTTP/1.1" 200 1273
[26/Mar/2026 13:53:51] "GET /api/sessoes/ HTTP/1.1" 200 10229
[26/Mar/2026 13:53:52] "GET /api/sessoes/estatisticas/?ano=2026&mes=3 HTTP/1.1" 200 217
[26/Mar/2026 13:53:59] "GET /api/auth/profile/ HTTP/1.1" 200 187
[26/Mar/2026 13:54:00] "GET /api/sessoes/hoje/ HTTP/1.1" 200 1303
[26/Mar/2026 13:54:03] "GET /api/sessoes/ HTTP/1.1" 200 10229
[26/Mar/2026 13:54:09] "GET /api/tipos-sessao/ HTTP/1.1" 200 4306
[26/Mar/2026 13:54:54] "GET /api/sessoes/ HTTP/1.1" 200 10229
[26/Mar/2026 13:55:00] "GET /api/sessoes/33/ HTTP/1.1" 200 1273
[26/Mar/2026 13:55:16] "GET /api/sessoes/ HTTP/1.1" 200 10229
[26/Mar/2026 13:56:39] "GET /api/tipos-sessao/ HTTP/1.1" 200 4306
[26/Mar/2026 13:56:58] "GET /api/sessoes/ HTTP/1.1" 200 10229
[26/Mar/2026 13:57:00] "GET /api/auth/profile/ HTTP/1.1" 200 187
[26/Mar/2026 13:57:00] "GET /api/sessoes/hoje/ HTTP/1.1" 200 1303
[26/Mar/2026 13:57:42] "GET /api/sessoes/ HTTP/1.1" 200 10229
[26/Mar/2026 13:57:57] "GET /api/sessoes/33/ HTTP/1.1" 200 1273
[26/Mar/2026 13:59:04] "GET /api/sessoes/ HTTP/1.1" 200 10229
[26/Mar/2026 13:59:11] "GET /api/sessoes/33/ HTTP/1.1" 200 1273
[26/Mar/2026 13:59:13] "POST /api/sessoes/33/cancelar/ HTTP/1.1" 200 1331
[26/Mar/2026 13:59:15] "GET /api/sessoes/ HTTP/1.1" 200 10233
[26/Mar/2026 13:59:16] "GET /api/sessoes/estatisticas/?ano=2026&mes=3 HTTP/1.1" 200 217
[26/Mar/2026 13:59:27] "GET /api/sessoes/ HTTP/1.1" 200 10233
[26/Mar/2026 13:59:43] "GET /api/sessoes/30/ HTTP/1.1" 200 1304
[26/Mar/2026 14:00:54] "GET /api/sessoes/ HTTP/1.1" 200 10233
[26/Mar/2026 14:00:56] "GET /api/auth/profile/ HTTP/1.1" 200 187
[26/Mar/2026 14:00:56] "GET /api/sessoes/hoje/ HTTP/1.1" 200 1303
[26/Mar/2026 14:00:57] "GET /api/sessoes/pacientes-vinculados/ HTTP/1.1" 200 159
[26/Mar/2026 14:01:02] "GET /api/prontuarios/?paciente_id=5 HTTP/1.1" 200 855
[26/Mar/2026 14:04:55,578] - Broken pipe from ('192.168.15.4', 48796)
[26/Mar/2026 14:04:55,578] - Broken pipe from ('192.168.15.4', 54504)
